<?xml version="1.0" encoding="UTF-8"?>
<!-- Generated by org.testng.reporters.JUnitXMLReporter -->
<testsuite hostname="MacBook-Pro-de-Mac.local" ignored="0" name="TestIds" tests="4" failures="2" timestamp="16 mar 2017 13:13:40 GMT" time="1.9" errors="0">
  <testcase name="validateDatasNumerics" time="0.006" classname="Test.Appointment"/>
  <testcase name="validateDateAppoinment" time="0.016" classname="Test.Appointment">
    <failure type="java.lang.AssertionError" message="The date can not be less than the currente date expected [false] but found [true]">
      <![CDATA[java.lang.AssertionError: The date can not be less than the currente date expected [false] but found [true]
	at Test.Appointment.validateDateAppoinment(Appointment.java:53)
... Removed 28 stack frames]]>
    </failure>
  </testcase> <!-- validateDateAppoinment -->
  <testcase name="validateDateFormat" time="0.002" classname="Test.Appointment">
    <failure type="java.lang.IllegalArgumentException" message="Cannot format given Object as a Date">
      <![CDATA[java.lang.IllegalArgumentException: Cannot format given Object as a Date
	at java.text.DateFormat.format(DateFormat.java:310)
	at java.text.Format.format(Format.java:157)
	at Page.PageAppointment.isDateFormat(PageAppointment.java:75)
	at Test.Appointment.validateDateFormat(Appointment.java:46)
... Removed 25 stack frames]]>
    </failure>
  </testcase> <!-- validateDateFormat -->
  <testcase name="validateFieldsEmpty" time="0.001" classname="Test.Appointment"/>
</testsuite> <!-- TestIds -->
